Setting stack size to unlimited...
core file size          (blocks, -c) 0
data seg size           (kbytes, -d) unlimited
scheduling priority             (-e) 0
file size               (blocks, -f) unlimited
pending signals                 (-i) 514842
max locked memory       (kbytes, -l) unlimited
max memory size         (kbytes, -m) 153600000
open files                      (-n) 51200
pipe size            (512 bytes, -p) 8
POSIX message queues     (bytes, -q) 819200
real-time priority              (-r) 0
stack size              (kbytes, -s) unlimited
cpu time               (seconds, -t) unlimited
max user processes              (-u) 4096
virtual memory          (kbytes, -v) unlimited
file locks                      (-x) unlimited

Running Job...!
===============================================================================
Running compiled binary...
0: serial code
Reading image...
Image Read. Width : 5184, Height : 3456, nComp: 1
Time spent in different stages of the application:
 0.000001 s => Part I: allocate and initialize variables
 0.000005 s => Part II: parse command line arguments
 0.015591 s => Part III: read image
 0.001788 s => Part IV: allocate variables
77.094851 s => Part V: compute
 1.064954 s => Part VI: write image to file
 0.024516 s => Part VII: get average of sum of pixels for testing and calculate GFLOPS
 0.024516 s => Part VIII: deallocate variables
Total time: 78.203844 s
Average of sum of pixels: 116.074287
GFLOPS: 1.045274
1: part 1 code
Reading image...
Image Read. Width : 5184, Height : 3456, nComp: 1
Time spent in different stages of the application:
 0.000001 s => Part I: allocate and initialize variables
 0.000012 s => Part II: parse command line arguments
 0.014171 s => Part III: read image
 0.098577 s => Part IV: allocate variables
 1.299482 s => Part V: compute
 2.930511 s => Part VI: write image to file
 0.056921 s => Part VII: get average of sum of pixels for testing and calculate GFLOPS
 0.056921 s => Part VIII: deallocate variables
Total time:  4.436396 s
Average of sum of pixels: 116.075790
GFLOPS: 62.013393
2: part 2 code
Reading image...
Image Read. Width : 5184, Height : 3456, nComp: 1
Time spent in different stages of the application:
 0.000001 s => Part I: allocate and initialize variables
 0.000011 s => Part II: parse command line arguments
 0.014761 s => Part III: read image
 0.089264 s => Part IV: allocate variables
 1.234570 s => Part V: compute
 2.932766 s => Part VI: write image to file
 0.056944 s => Part VII: get average of sum of pixels for testing and calculate GFLOPS
 0.056944 s => Part VIII: deallocate variables
Total time:  4.365457 s
Average of sum of pixels: 116.075790
GFLOPS: 65.273964
3: part 3 code
Reading image...
Image Read. Width : 5184, Height : 3456, nComp: 1
Time spent in different stages of the application:
 0.000001 s => Part I: allocate and initialize variables
 0.000011 s => Part II: parse command line arguments
 0.015488 s => Part III: read image
 0.091618 s => Part IV: allocate variables
 1.304523 s => Part V: compute
 2.943428 s => Part VI: write image to file
 0.056752 s => Part VII: get average of sum of pixels for testing and calculate GFLOPS
 0.056752 s => Part VIII: deallocate variables
Total time:  4.448503 s
Average of sum of pixels: 116.075790
GFLOPS: 61.773754
