Setting stack size to unlimited...
core file size          (blocks, -c) 0
data seg size           (kbytes, -d) unlimited
scheduling priority             (-e) 0
file size               (blocks, -f) unlimited
pending signals                 (-i) 514842
max locked memory       (kbytes, -l) unlimited
max memory size         (kbytes, -m) 153600000
open files                      (-n) 51200
pipe size            (512 bytes, -p) 8
POSIX message queues     (bytes, -q) 819200
real-time priority              (-r) 0
stack size              (kbytes, -s) unlimited
cpu time               (seconds, -t) unlimited
max user processes              (-u) 4096
virtual memory          (kbytes, -v) unlimited
file locks                      (-x) unlimited

Running Job...!
===============================================================================
Running compiled binary...
0: serial code
Reading image...
Image Read. Width : 5184, Height : 3456, nComp: 1
Time spent in different stages of the application:
 0.000001 s => Part I: allocate and initialize variables
 0.000005 s => Part II: parse command line arguments
 0.014651 s => Part III: read image
 0.001795 s => Part IV: allocate variables
77.327055 s => Part V: compute
 1.080926 s => Part VI: write image to file
 0.025451 s => Part VII: get average of sum of pixels for testing and calculate GFLOPS
 0.025451 s => Part VIII: deallocate variables
Total time: 78.452073 s
Average of sum of pixels: 116.074287
GFLOPS: 1.042136
1: part 1 code
Reading image...
Image Read. Width : 5184, Height : 3456, nComp: 1
Time spent in different stages of the application:
 0.000001 s => Part I: allocate and initialize variables
 0.000011 s => Part II: parse command line arguments
 0.014663 s => Part III: read image
 0.100162 s => Part IV: allocate variables
 1.646962 s => Part V: compute
 2.934592 s => Part VI: write image to file
 0.056852 s => Part VII: get average of sum of pixels for testing and calculate GFLOPS
 0.056852 s => Part VIII: deallocate variables
Total time:  4.790227 s
Average of sum of pixels: 116.075806
GFLOPS: 48.929657
2: part 2 code
Reading image...
Image Read. Width : 5184, Height : 3456, nComp: 1
Time spent in different stages of the application:
 0.000001 s => Part I: allocate and initialize variables
 0.000011 s => Part II: parse command line arguments
 0.014331 s => Part III: read image
 0.091697 s => Part IV: allocate variables
 1.570472 s => Part V: compute
 2.934238 s => Part VI: write image to file
 0.056782 s => Part VII: get average of sum of pixels for testing and calculate GFLOPS
 0.056782 s => Part VIII: deallocate variables
Total time:  4.704371 s
Average of sum of pixels: 116.075806
GFLOPS: 51.312778
3: part 3 code
Reading image...
Image Read. Width : 5184, Height : 3456, nComp: 1
Time spent in different stages of the application:
 0.000001 s => Part I: allocate and initialize variables
 0.000011 s => Part II: parse command line arguments
 0.013900 s => Part III: read image
 0.089777 s => Part IV: allocate variables
 1.551570 s => Part V: compute
 2.930902 s => Part VI: write image to file
 0.056737 s => Part VII: get average of sum of pixels for testing and calculate GFLOPS
 0.056737 s => Part VIII: deallocate variables
Total time:  4.679868 s
Average of sum of pixels: 116.075806
GFLOPS: 51.937889
