Setting stack size to unlimited...
core file size          (blocks, -c) 0
data seg size           (kbytes, -d) unlimited
scheduling priority             (-e) 0
file size               (blocks, -f) unlimited
pending signals                 (-i) 514841
max locked memory       (kbytes, -l) unlimited
max memory size         (kbytes, -m) 153600000
open files                      (-n) 51200
pipe size            (512 bytes, -p) 8
POSIX message queues     (bytes, -q) 819200
real-time priority              (-r) 0
stack size              (kbytes, -s) unlimited
cpu time               (seconds, -t) unlimited
max user processes              (-u) 4096
virtual memory          (kbytes, -v) unlimited
file locks                      (-x) unlimited

Running Job...!
===============================================================================
Running compiled binary...
0: serial code
Reading image...
Image Read. Width : 5184, Height : 3456, nComp: 1
Time spent in different stages of the application:
 0.000001 s => Part I: allocate and initialize variables
 0.000006 s => Part II: parse command line arguments
 0.016564 s => Part III: read image
 0.001768 s => Part IV: allocate variables
77.064033 s => Part V: compute
 1.053560 s => Part VI: write image to file
 0.024654 s => Part VII: get average of sum of pixels for testing and calculate GFLOPS
 0.024654 s => Part VIII: deallocate variables
Total time: 78.162866 s
Average of sum of pixels: 116.074287
GFLOPS: 1.045692
1: part 1 code
Reading image...
Image Read. Width : 5184, Height : 3456, nComp: 1
Time spent in different stages of the application:
 0.000001 s => Part I: allocate and initialize variables
 0.000022 s => Part II: parse command line arguments
 0.015660 s => Part III: read image
 0.108171 s => Part IV: allocate variables
 1.337773 s => Part V: compute
 2.923487 s => Part VI: write image to file
 0.057669 s => Part VII: get average of sum of pixels for testing and calculate GFLOPS
 0.057669 s => Part VIII: deallocate variables
Total time:  4.479791 s
Average of sum of pixels: 116.075790
GFLOPS: 60.238388
2: part 2 code
Reading image...
Image Read. Width : 5184, Height : 3456, nComp: 1
Time spent in different stages of the application:
 0.000001 s => Part I: allocate and initialize variables
 0.000011 s => Part II: parse command line arguments
 0.014929 s => Part III: read image
 0.111839 s => Part IV: allocate variables
 1.261279 s => Part V: compute
 2.924586 s => Part VI: write image to file
 0.057337 s => Part VII: get average of sum of pixels for testing and calculate GFLOPS
 0.057337 s => Part VIII: deallocate variables
Total time:  4.407007 s
Average of sum of pixels: 116.075790
GFLOPS: 63.891724
3: part 3 code
Reading image...
Image Read. Width : 5184, Height : 3456, nComp: 1
Time spent in different stages of the application:
 0.000001 s => Part I: allocate and initialize variables
 0.000009 s => Part II: parse command line arguments
 0.016092 s => Part III: read image
 0.097711 s => Part IV: allocate variables
 1.242214 s => Part V: compute
 2.924816 s => Part VI: write image to file
 0.057484 s => Part VII: get average of sum of pixels for testing and calculate GFLOPS
 0.057484 s => Part VIII: deallocate variables
Total time:  4.375593 s
Average of sum of pixels: 116.075790
GFLOPS: 64.872307
