Setting stack size to unlimited...
core file size          (blocks, -c) 0
data seg size           (kbytes, -d) unlimited
scheduling priority             (-e) 0
file size               (blocks, -f) unlimited
pending signals                 (-i) 514841
max locked memory       (kbytes, -l) unlimited
max memory size         (kbytes, -m) 153600000
open files                      (-n) 51200
pipe size            (512 bytes, -p) 8
POSIX message queues     (bytes, -q) 819200
real-time priority              (-r) 0
stack size              (kbytes, -s) unlimited
cpu time               (seconds, -t) unlimited
max user processes              (-u) 4096
virtual memory          (kbytes, -v) unlimited
file locks                      (-x) unlimited

Running Job...!
===============================================================================
Running compiled binary...
0: serial code
Reading image...
Image Read. Width : 5184, Height : 3456, nComp: 1
Time spent in different stages of the application:
 0.000001 s => Part I: allocate and initialize variables
 0.000006 s => Part II: parse command line arguments
 0.016591 s => Part III: read image
 0.001771 s => Part IV: allocate variables
77.092121 s => Part V: compute
 2.057753 s => Part VI: write image to file
 0.026696 s => Part VII: get average of sum of pixels for testing and calculate GFLOPS
 0.026696 s => Part VIII: deallocate variables
Total time: 79.197272 s
Average of sum of pixels: 116.074287
GFLOPS: 1.045311
1: part 1 code
Reading image...
Image Read. Width : 5184, Height : 3456, nComp: 1
Time spent in different stages of the application:
 0.000002 s => Part I: allocate and initialize variables
 0.000022 s => Part II: parse command line arguments
 0.015041 s => Part III: read image
 0.108644 s => Part IV: allocate variables
 1.270712 s => Part V: compute
 2.924688 s => Part VI: write image to file
 0.057639 s => Part VII: get average of sum of pixels for testing and calculate GFLOPS
 0.057639 s => Part VIII: deallocate variables
Total time:  4.413773 s
Average of sum of pixels: 116.075790
GFLOPS: 63.417427
2: part 2 code
Reading image...
Image Read. Width : 5184, Height : 3456, nComp: 1
Time spent in different stages of the application:
 0.000001 s => Part I: allocate and initialize variables
 0.000011 s => Part II: parse command line arguments
 0.014437 s => Part III: read image
 0.098182 s => Part IV: allocate variables
 1.205748 s => Part V: compute
 2.925890 s => Part VI: write image to file
 0.057978 s => Part VII: get average of sum of pixels for testing and calculate GFLOPS
 0.057978 s => Part VIII: deallocate variables
Total time:  4.339316 s
Average of sum of pixels: 116.075790
GFLOPS: 66.834274
3: part 3 code
Reading image...
Image Read. Width : 5184, Height : 3456, nComp: 1
Time spent in different stages of the application:
 0.000001 s => Part I: allocate and initialize variables
 0.000011 s => Part II: parse command line arguments
 0.014074 s => Part III: read image
 0.097771 s => Part IV: allocate variables
 1.276450 s => Part V: compute
 2.931585 s => Part VI: write image to file
 0.057465 s => Part VII: get average of sum of pixels for testing and calculate GFLOPS
 0.057465 s => Part VIII: deallocate variables
Total time:  4.414677 s
Average of sum of pixels: 116.075790
GFLOPS: 63.132347
