Setting stack size to unlimited...
core file size          (blocks, -c) 0
data seg size           (kbytes, -d) unlimited
scheduling priority             (-e) 0
file size               (blocks, -f) unlimited
pending signals                 (-i) 514841
max locked memory       (kbytes, -l) unlimited
max memory size         (kbytes, -m) 153600000
open files                      (-n) 51200
pipe size            (512 bytes, -p) 8
POSIX message queues     (bytes, -q) 819200
real-time priority              (-r) 0
stack size              (kbytes, -s) unlimited
cpu time               (seconds, -t) unlimited
max user processes              (-u) 4096
virtual memory          (kbytes, -v) unlimited
file locks                      (-x) unlimited

Running Job...!
===============================================================================
Running compiled binary...
0: serial code
Reading image...
Image Read. Width : 5184, Height : 3456, nComp: 1
Time spent in different stages of the application:
 0.000001 s => Part I: allocate and initialize variables
 0.000006 s => Part II: parse command line arguments
 0.017126 s => Part III: read image
 0.001946 s => Part IV: allocate variables
77.094835 s => Part V: compute
 1.064107 s => Part VI: write image to file
 0.025161 s => Part VII: get average of sum of pixels for testing and calculate GFLOPS
 0.025161 s => Part VIII: deallocate variables
Total time: 78.205426 s
Average of sum of pixels: 116.074287
GFLOPS: 1.045275
1: part 1 code
Reading image...
Image Read. Width : 5184, Height : 3456, nComp: 1
Time spent in different stages of the application:
 0.000001 s => Part I: allocate and initialize variables
 0.000011 s => Part II: parse command line arguments
 0.015581 s => Part III: read image
 0.107367 s => Part IV: allocate variables
 1.646344 s => Part V: compute
 2.938922 s => Part VI: write image to file
 0.056746 s => Part VII: get average of sum of pixels for testing and calculate GFLOPS
 0.056746 s => Part VIII: deallocate variables
Total time:  4.802007 s
Average of sum of pixels: 116.075806
GFLOPS: 48.948025
2: part 2 code
Reading image...
Image Read. Width : 5184, Height : 3456, nComp: 1
Time spent in different stages of the application:
 0.000001 s => Part I: allocate and initialize variables
 0.000011 s => Part II: parse command line arguments
 0.015357 s => Part III: read image
 0.106965 s => Part IV: allocate variables
 2.082374 s => Part V: compute
 2.919960 s => Part VI: write image to file
 0.056633 s => Part VII: get average of sum of pixels for testing and calculate GFLOPS
 0.056633 s => Part VIII: deallocate variables
Total time:  5.218074 s
Average of sum of pixels: 116.075806
GFLOPS: 38.698757
3: part 3 code
Reading image...
Image Read. Width : 5184, Height : 3456, nComp: 1
Time spent in different stages of the application:
 0.000001 s => Part I: allocate and initialize variables
 0.000011 s => Part II: parse command line arguments
 0.015078 s => Part III: read image
 0.097332 s => Part IV: allocate variables
 1.541844 s => Part V: compute
 2.937937 s => Part VI: write image to file
 0.056850 s => Part VII: get average of sum of pixels for testing and calculate GFLOPS
 0.056850 s => Part VIII: deallocate variables
Total time:  4.686088 s
Average of sum of pixels: 116.159348
GFLOPS: 52.265518
